Build started 4/3/2016 07:56:15.
     1>Project "C:\Users\AD\Documents\UNIVERSITES\SFU\courses\1st Year - TERM 2\CMPT130\Week 3\BLACK JACK PROBLEM\BLACK JACK PROBLEM\BLACK JACK PROBLEM.vcxproj" on node 2 (build target(s)).
     1>PrepareForBuild:
         Creating directory "C:\Users\AD\Documents\UNIVERSITES\SFU\courses\1st Year - TERM 2\CMPT130\Week 3\BLACK JACK PROBLEM\Debug\".
       InitializeBuildStatus:
         Creating "Debug\BLACK JACK PROBLEM.unsuccessfulbuild" because "AlwaysCreate" was specified.
       ClCompile:
         C:\Program Files (x86)\Microsoft Visual Studio 10.0\VC\bin\CL.exe /c /ZI /nologo /W3 /WX- /Od /Oy- /D WIN32 /D _DEBUG /D _CONSOLE /D _UNICODE /D UNICODE /Gm /EHsc /RTC1 /MDd /GS /fp:precise /Zc:wchar_t /Zc:forScope /Yc"StdAfx.h" /Fp"Debug\BLACK JACK PROBLEM.pch" /Fo"Debug\\" /Fd"Debug\vc100.pdb" /Gd /TP /analyze- /errorReport:prompt stdafx.cpp
         stdafx.cpp
         C:\Program Files (x86)\Microsoft Visual Studio 10.0\VC\bin\CL.exe /c /ZI /nologo /W3 /WX- /Od /Oy- /D WIN32 /D _DEBUG /D _CONSOLE /D _UNICODE /D UNICODE /Gm /EHsc /RTC1 /MDd /GS /fp:precise /Zc:wchar_t /Zc:forScope /Yu"StdAfx.h" /Fp"Debug\BLACK JACK PROBLEM.pch" /Fo"Debug\\" /Fd"Debug\vc100.pdb" /Gd /TP /analyze- /errorReport:prompt "BLACK JACK PROBLEM.cpp"
         BLACK JACK PROBLEM.cpp
       ManifestResourceCompile:
         C:\Program Files (x86)\Microsoft SDKs\Windows\v7.0A\bin\rc.exe /nologo /fo"Debug\BLACK JACK PROBLEM.exe.embed.manifest.res" "Debug\BLACK JACK PROBLEM_manifest.rc" 
       Link:
         C:\Program Files (x86)\Microsoft Visual Studio 10.0\VC\bin\link.exe /ERRORREPORT:PROMPT /OUT:"C:\Users\AD\Documents\UNIVERSITES\SFU\courses\1st Year - TERM 2\CMPT130\Week 3\BLACK JACK PROBLEM\Debug\BLACK JACK PROBLEM.exe" /INCREMENTAL /NOLOGO kernel32.lib user32.lib gdi32.lib winspool.lib comdlg32.lib advapi32.lib shell32.lib ole32.lib oleaut32.lib uuid.lib odbc32.lib odbccp32.lib /MANIFEST /ManifestFile:"Debug\BLACK JACK PROBLEM.exe.intermediate.manifest" /MANIFESTUAC:"level='asInvoker' uiAccess='false'" /DEBUG /PDB:"C:\Users\AD\Documents\UNIVERSITES\SFU\courses\1st Year - TERM 2\CMPT130\Week 3\BLACK JACK PROBLEM\Debug\BLACK JACK PROBLEM.pdb" /SUBSYSTEM:CONSOLE /TLBID:1 /DYNAMICBASE /NXCOMPAT /IMPLIB:"C:\Users\AD\Documents\UNIVERSITES\SFU\courses\1st Year - TERM 2\CMPT130\Week 3\BLACK JACK PROBLEM\Debug\BLACK JACK PROBLEM.lib" /MACHINE:X86 "Debug\BLACK JACK PROBLEM.exe.embed.manifest.res"
         "Debug\BLACK JACK PROBLEM.obj"
         Debug\stdafx.obj
       Manifest:
         C:\Program Files (x86)\Microsoft SDKs\Windows\v7.0A\bin\mt.exe /nologo /verbose /out:"Debug\BLACK JACK PROBLEM.exe.embed.manifest" /manifest "Debug\BLACK JACK PROBLEM.exe.intermediate.manifest"
         C:\Program Files (x86)\Microsoft SDKs\Windows\v7.0A\bin\rc.exe /nologo /fo"Debug\BLACK JACK PROBLEM.exe.embed.manifest.res" "Debug\BLACK JACK PROBLEM_manifest.rc" 
       LinkEmbedManifest:
         C:\Program Files (x86)\Microsoft Visual Studio 10.0\VC\bin\link.exe /ERRORREPORT:PROMPT /OUT:"C:\Users\AD\Documents\UNIVERSITES\SFU\courses\1st Year - TERM 2\CMPT130\Week 3\BLACK JACK PROBLEM\Debug\BLACK JACK PROBLEM.exe" /INCREMENTAL /NOLOGO kernel32.lib user32.lib gdi32.lib winspool.lib comdlg32.lib advapi32.lib shell32.lib ole32.lib oleaut32.lib uuid.lib odbc32.lib odbccp32.lib /MANIFEST /ManifestFile:"Debug\BLACK JACK PROBLEM.exe.intermediate.manifest" /MANIFESTUAC:"level='asInvoker' uiAccess='false'" /DEBUG /PDB:"C:\Users\AD\Documents\UNIVERSITES\SFU\courses\1st Year - TERM 2\CMPT130\Week 3\BLACK JACK PROBLEM\Debug\BLACK JACK PROBLEM.pdb" /SUBSYSTEM:CONSOLE /TLBID:1 /DYNAMICBASE /NXCOMPAT /IMPLIB:"C:\Users\AD\Documents\UNIVERSITES\SFU\courses\1st Year - TERM 2\CMPT130\Week 3\BLACK JACK PROBLEM\Debug\BLACK JACK PROBLEM.lib" /MACHINE:X86 "Debug\BLACK JACK PROBLEM.exe.embed.manifest.res"
         "Debug\BLACK JACK PROBLEM.obj"
         Debug\stdafx.obj
         BLACK JACK PROBLEM.vcxproj -> C:\Users\AD\Documents\UNIVERSITES\SFU\courses\1st Year - TERM 2\CMPT130\Week 3\BLACK JACK PROBLEM\Debug\BLACK JACK PROBLEM.exe
       FinalizeBuildStatus:
         Deleting file "Debug\BLACK JACK PROBLEM.unsuccessfulbuild".
         Touching "Debug\BLACK JACK PROBLEM.lastbuildstate".
     1>Done Building Project "C:\Users\AD\Documents\UNIVERSITES\SFU\courses\1st Year - TERM 2\CMPT130\Week 3\BLACK JACK PROBLEM\BLACK JACK PROBLEM\BLACK JACK PROBLEM.vcxproj" (build target(s)).

Build succeeded.

Time Elapsed 00:00:02.80
